<?xml version="1.0" encoding="UTF-8"?>
<!-- Generated by org.testng.reporters.JUnitReportReporter -->
<testsuite hostname="DESKTOP-E7EAK3R" failures="0" tests="1" name="com.facebook.Facebook_Demo" time="0.031" errors="0" timestamp="2023-09-26T11:52:41 BDT" skipped="0">
  <testcase classname="com.facebook.Facebook_Demo" name="print" time="0.031"/>
  <system-out/>
</testsuite> <!-- com.facebook.Facebook_Demo -->
