<?xml version="1.0" encoding="UTF-8"?>
<!-- Generated by org.testng.reporters.JUnitReportReporter -->
<testsuite hostname="DESKTOP-E7EAK3R" failures="0" tests="1" name="com.facebook.LoginTests.LoginTest_Dynamic" time="11.018" errors="0" timestamp="2023-10-02T13:27:32 BDT" skipped="0">
  <testcase classname="com.facebook.LoginTests.LoginTest_Dynamic" name="InValidLoginTest" time="11.018"/>
  <system-out/>
</testsuite> <!-- com.facebook.LoginTests.LoginTest_Dynamic -->
