<?xml version="1.0" encoding="UTF-8"?>
<!-- Generated by org.testng.reporters.JUnitReportReporter -->
<testsuite hostname="DESKTOP-E7EAK3R" failures="0" tests="1" name="com.facebook.signUpTest.fbSignUp_Test" time="14.863" errors="0" timestamp="2023-10-17T13:19:05 BDT" skipped="0">
  <testcase classname="com.facebook.signUpTest.fbSignUp_Test" name="ValidTest" time="14.863"/>
  <system-out/>
</testsuite> <!-- com.facebook.signUpTest.fbSignUp_Test -->
