<?xml version="1.0" encoding="UTF-8"?>
<!-- Generated by org.testng.reporters.JUnitReportReporter -->
<testsuite hostname="DESKTOP-E7EAK3R" failures="0" tests="1" name="com.facebook.DummyTest" time="12.658" errors="0" timestamp="2023-09-26T12:24:02 BDT" skipped="0">
  <testcase classname="com.facebook.DummyTest" name="testingphase" time="12.658"/>
  <system-out/>
</testsuite> <!-- com.facebook.DummyTest -->
